./Reports/GoodPageBreak.pas
./Reports/ASUP/*.*
./ASUP/MassHolidayOrder.bpl
./ASUP/MassMoveOrder.bpl
./ASUP/MovesReport.bpl
./ASUP/PCardsList.bpl
./ASUP/PrintOrder.bpl
./ASUP/ShtatUtils.bpl
./ASUP/SpMovingType.bpl
./Smeta/PublicSmeta.bpl
SpDepartment.bpl
SpAllPeople.bpl
AsupTableCore.bpl
CommonDB.bpl
CommonSp.bpl
DbfBuffer.bpl
ExpImp.bpl
Address_Linear.bpl
Globals.bpl
IBXCommonDB.bpl
MD5.bpl
Pwd.bpl
qFControls.bpl
qFEditForm.bpl
AccMgmtBpl.bpl
ShowNagScreen.bpl
ShowProgress.bpl
ShtatUtils.bpl
FIBCommonDB.bpl
SpLib.bpl
asup.exe
ASUP_Whats_New.txt